; Field Size: x, y
17 10
; Traveller position: x, y, Orientation
14 5 1
; A set of special Fields: x, y, Bar, Color, Symbol, Symbol1, Point
4 4 1 0 $ $  
4 5 0 0 $ Z  
4 6 1 0 $ $  
5 4 1 0 $ $  
5 5 0 0 $ Z  
5 6 1 0 $ $  
6 4 1 0 $ $  
6 5 0 0 $ Z  
6 6 1 0 $ $  
7 4 1 0 $ $  
7 5 0 0 $ Z  
7 6 1 0 $ $  
8 4 1 0 $ $  
8 5 0 0 $ Z  
8 6 1 0 $ $  
9 4 1 0 $ $  
9 5 0 0 $ Z  
9 6 1 0 $ $  
10 4 1 0 $ $  
10 5 0 0 $ Z  
10 6 1 0 $ $  
11 4 1 0 $ $  
11 5 0 0 $ Z  
11 6 1 0 $ $  
12 4 1 0 $ $  
12 5 0 0 $ H 1
12 6 1 0 $ $  
13 4 1 0 $ $  
13 5 0 0 $ Z  
13 6 1 0 $ $  
; End Of File
