; Field Size: x, y
16 10
; Robot position: x, y
2 2
; A set of special Fields: x, y, Wall, Color, Radiation, Temperature, Symbol, Symbol1, Point
2 2 9 0 0 0 $ $  
2 3 3 0 0 0 $ $  
2 4 3 0 0 0 $ $  
2 5 3 0 0 0 $ $  
2 6 3 0 0 0 $ $  
2 7 5 1 0 0 $ $  
3 2 12 0 0 0 $ $  
3 3 0 0 0 0 Z $  
3 4 0 0 0 0 Z $  
3 5 0 0 0 0 Z $  
3 6 0 0 0 0 Z $  
3 7 12 0 0 0 $ $  
4 2 12 0 0 0 $ $  
4 3 0 0 0 0 Z $  
4 4 0 0 0 0 Z $  
4 5 0 0 0 0 Z $  
4 6 0 0 0 0 Z $  
4 7 12 0 0 0 $ $  
5 2 12 0 0 0 $ $  
5 3 0 0 0 0 Z $  
5 4 0 0 0 0 Z $  
5 5 0 0 0 0 Z $  
5 6 0 0 0 0 Z $  
5 7 12 0 0 0 $ $  
6 2 12 0 0 0 $ $  
6 3 0 0 0 0 Z $  
6 4 0 0 0 0 Z $  
6 5 0 0 0 0 Z $  
6 6 0 0 0 0 Z $  
6 7 12 0 0 0 $ $  
7 2 12 0 0 0 $ $  
7 3 0 0 0 0 Z $  
7 4 0 0 0 0 Z $  
7 5 0 0 0 0 Z $  
7 6 0 0 0 0 Z $  
7 7 12 0 0 0 $ $  
8 2 12 0 0 0 $ $  
8 3 0 0 0 0 Z $  
8 4 0 0 0 0 Z $  
8 5 0 0 0 0 Z $  
8 6 0 0 0 0 Z $  
8 7 12 0 0 0 $ $  
9 2 12 0 0 0 $ $  
9 3 0 0 0 0 Z $  
9 4 0 0 0 0 Z $  
9 5 0 0 0 0 Z $  
9 6 0 0 0 0 Z $  
9 7 12 0 0 0 $ $  
10 2 12 0 0 0 $ $  
10 3 0 0 0 0 Z $  
10 4 0 0 0 0 Z $  
10 5 0 0 0 0 Z $  
10 6 0 0 0 0 Z $  
10 7 12 0 0 0 $ $  
11 2 12 0 0 0 $ $  
11 3 0 0 0 0 Z $  
11 4 0 0 0 0 Z $  
11 5 0 0 0 0 Z $  
11 6 0 0 0 0 Z $  
11 7 12 0 0 0 $ $  
12 2 12 0 0 0 $ $  
12 3 0 0 0 0 Z $  
12 4 0 0 0 0 Z $  
12 5 0 0 0 0 Z $  
12 6 0 0 0 0 Z $  
12 7 12 0 0 0 $ $  
13 2 10 0 0 0 $ $  
13 3 3 0 0 0 $ $  
13 4 3 0 0 0 $ $  
13 5 2 0 0 0 $ $  
13 6 3 0 0 0 $ $  
13 7 6 0 0 0 $ $  
14 5 0 0 0 0 Л $  
; End Of File
