Alfirovich A
Arabchil D
Beshimov J
Bolshakova N
Boltromeiuk S
Bruckaia O
Bruckii M
Bushkevich D
Chernak D
Daudov D
Derkach S
Elec A
Gackevich I
Gelement A
Geluh N
Geres O
Gil D
Goshko V
Guk V
Guliaeva T
Gurbannazarova S
Janushko I
Kasianchuk O
Kasianuk J
Kireeva A
Korolkevich E
Kot S
Kriveckaia E
Krotiuk K
Kulbeda S
Kuzavka N
Kuznecova A
Lagodich M
Liabuk I
Logosh J
Malyha O
Mangosova V
Markova N
Martinovskaia V
Masiul I
Matieva L
Melehovec E
Melnichuk V
Morochkovskaia T
Omelianuk M
Onishuk I
Oshmiana A
Pilipcevich E
Piniuta V
Ponikarevich T
Prokopchik V
Pukalo T
Romaniuk A
Rovchenia T
Rudman D
Samodaeva O
Selivonchik S
Sholomickaia M
Shveikus E
Simanchuk T
Simonchik J
Stasevich A
Stepaniuk A
Tarabchuk A
Tereshuk M
Velesevich A
Verenich A
Viktorovich L
Volosova M
Vorobei E
Vorobei I
Zelenin P
35
