Alfirovich A
Arabchil D
Beshimov J
Bolshakova N
Boltromeiuk S
Bruckaia O
Bushkevich D
Chernak D
Daudov D
Derkach S
Elec A
Gackevich I
Gelement A
Geluh N
Geres O
Goshko V
Guk V
Guliaeva T
Gurbannazarova S
Janushko I
Kasianchuk O
Kasianuk J
Kireeva A
Korolkevich E
Kot S
Kriveckaia E
Krotiuk K
Kulbeda S
Kuzavka N
Kuznecova A
Lagodich M
Liabuk I
Logosh J
Malyha O
Mangosova V
Markova N
Martinovskaia V
Masiul I
Matieva L
Melehovec E
Morochkovskaia T
Omelianuk M
Oshmiana A
Pilipcevich E
Piniuta V
Pukalo T
Rovchenia T
Rudman D
Samodaeva O
Selivonchik S
Sholomickaia M
Shveikus E
Simonchik J
Stepaniuk A
Tereshuk M
Volosova M
Vorobei E
Vorobei I
Zelenin P
28
