Alfirovich A
Arabchil D
Beshimov J
Bolshakova N
Boltromeiuk S
Bruckaia O
Bushkevich D
Chernak D
Daudov D
Elec A
Gackevich I
Gelement A
Geluh N
Goshko V
Guliaeva T
Gurbannazarova S
Janushko I
Kireeva A
Kot S
Kriveckaia E
Krotiuk K
Kuzavka N
Kuznecova A
Lagodich M
Malyha O
Mangosova V
Markova N
Masiul I
Matieva L
Melehovec E
Morochkovskaia T
Omelianuk M
Oshmiana A
Pilipcevich E
Piniuta V
Pukalo T
Rovchenia T
Rudman D
Samodaeva O
Selivonchik S
Sholomickaia M
Shveikus E
Simonchik J
Stepaniuk A
Tereshuk M
Volosova M
Vorobei E
Vorobei I
Zelenin P
22
